
Showing logs for build [32mjmoliva-environment-jx-15-stagi-pg46c-1[0m stage [32mfrom-build-pack[0m and container [32mstep-credential-initializer-gxxpb[0m
{"level":"warn","ts":1585148472.310274,"logger":"fallback-logger","caller":"logging/config.go:69","msg":"Fetch GitHub commit ID from kodata failed: \"ref: refs/heads/0.8.0-**-support-backwards-incompats\" is not a valid GitHub commit ID"}
{"level":"info","ts":1585148472.3109837,"logger":"fallback-logger","caller":"creds-init/main.go:40","msg":"Credentials initialized."}

Showing logs for build [32mjmoliva-environment-jx-15-stagi-pg46c-1[0m stage [32mfrom-build-pack[0m and container [32mstep-working-dir-initializer-4stmj[0m
{"level":"warn","ts":1585148473.5219295,"logger":"fallback-logger","caller":"logging/config.go:69","msg":"Fetch GitHub commit ID from kodata failed: open /var/run/ko/HEAD: no such file or directory"}
{"level":"info","ts":1585148473.524609,"logger":"fallback-logger","caller":"bash/main.go:64","msg":"Successfully executed command \"sh -c mkdir -p /workspace/source\"; output "}

Showing logs for build [32mjmoliva-environment-jx-15-stagi-pg46c-1[0m stage [32mfrom-build-pack[0m and container [32mstep-place-tools[0m

Showing logs for build [32mjmoliva-environment-jx-15-stagi-pg46c-1[0m stage [32mfrom-build-pack[0m and container [32mstep-git-source-jmoliva-environment-jx-15-stagi-pg46c-4tmkw[0m
{"level":"warn","ts":1585148477.61431,"logger":"fallback-logger","caller":"logging/config.go:69","msg":"Fetch GitHub commit ID from kodata failed: \"ref: refs/heads/0.8.0-**-support-backwards-incompats\" is not a valid GitHub commit ID"}
{"level":"info","ts":1585148478.6974137,"logger":"fallback-logger","caller":"git/git.go:103","msg":"Successfully cloned https://github.com/*******/environment-**-15-staging.git @ master in path /workspace/source"}

Showing logs for build [32mjmoliva-environment-jx-15-stagi-pg46c-1[0m stage [32mfrom-build-pack[0m and container [32mstep-git-merge[0m
Using SHAs from PULL_REFS=master:1a56ede1b1d0e42622c7d7367ea1a3d2eadd5603,2:3420c0235df4c19fe875160ca45b41b2327d1ab3
DEBUG: JX_LOG_LEVEL=error LC_ALL=C git fetch origin --unshallow 3420c0235df4c19fe875160ca45b41b2327d1ab3: 1a56ede1b1d0e42622c7d7367ea1a3d2eadd5603:
DEBUG: ran git fetch --unshallow origin 3420c0235df4c19fe875160ca45b41b2327d1ab3: 1a56ede1b1d0e42622c7d7367ea1a3d2eadd5603: in 
DEBUG: LC_ALL=C JX_LOG_LEVEL=error git branch
DEBUG: LC_ALL=C JX_LOG_LEVEL=error git checkout master
DEBUG: ran git checkout master in 
DEBUG: JX_LOG_LEVEL=error LC_ALL=C git reset --hard 1a56ede1b1d0e42622c7d7367ea1a3d2eadd5603
DEBUG: ran git reset --hard 1a56ede1b1d0e42622c7d7367ea1a3d2eadd5603 in 
DEBUG: LC_ALL=C JX_LOG_LEVEL=error git clean -fd .
DEBUG: ran clean --force -d . in 
DEBUG: LC_ALL=C JX_LOG_LEVEL=error git merge 3420c0235df4c19fe875160ca45b41b2327d1ab3
DEBUG: ran git merge 3420c0235df4c19fe875160ca45b41b2327d1ab3 in 
DEBUG: LC_ALL=C JX_LOG_LEVEL=error git log --format=%H%x1f%an%x1f%ae%x1f%cn%x1f%ce%x1f%s%n%b%x1e 1a56ede1b1d0e42622c7d7367ea1a3d2eadd5603..HEAD
Merged SHA 3420c0235df4c19fe875160ca45b41b2327d1ab3 with commit message 'chore: Promote **15-qs-1 to version 0.0.5' into base branch master

Showing logs for build [32mjmoliva-environment-jx-15-stagi-pg46c-1[0m stage [32mfrom-build-pack[0m and container [32mstep-build-helm-build[0m
WARNING: No $CHART_REPOSITORY defined so using the default value of: http://jenkins-x-chartmuseum:8080
Adding missing Helm repo: storage.googleapis.com https://storage.googleapis.com/chartmuseum.jenkins-x.io
Successfully added Helm repository storage.googleapis.com.
Adding missing Helm repo: jenkins-x-chartmuseum http://jenkins-x-chartmuseum:8080
Successfully added Helm repository jenkins-x-chartmuseum.
WARNING: No $CHART_REPOSITORY defined so using the default value of: http://jenkins-x-chartmuseum:8080
Adding missing Helm repo: chartmuseum.jenkins-x.io http://chartmuseum.jenkins-x.io
Successfully added Helm repository chartmuseum.jenkins-x.io.
