
Showing logs for build [32mjmoliva-environment-jx-15-stagi-rzjtl-3[0m stage [32mfrom-build-pack[0m and container [32mstep-credential-initializer-5d7fh[0m
{"level":"warn","ts":1585153906.2516174,"logger":"fallback-logger","caller":"logging/config.go:69","msg":"Fetch GitHub commit ID from kodata failed: \"ref: refs/heads/0.8.0-**-support-backwards-incompats\" is not a valid GitHub commit ID"}
{"level":"info","ts":1585153906.2523923,"logger":"fallback-logger","caller":"creds-init/main.go:40","msg":"Credentials initialized."}

Showing logs for build [32mjmoliva-environment-jx-15-stagi-rzjtl-3[0m stage [32mfrom-build-pack[0m and container [32mstep-working-dir-initializer-74z86[0m
{"level":"warn","ts":1585153907.410589,"logger":"fallback-logger","caller":"logging/config.go:69","msg":"Fetch GitHub commit ID from kodata failed: open /var/run/ko/HEAD: no such file or directory"}
{"level":"info","ts":1585153907.4126194,"logger":"fallback-logger","caller":"bash/main.go:64","msg":"Successfully executed command \"sh -c mkdir -p /workspace/source\"; output "}

Showing logs for build [32mjmoliva-environment-jx-15-stagi-rzjtl-3[0m stage [32mfrom-build-pack[0m and container [32mstep-place-tools[0m

Showing logs for build [32mjmoliva-environment-jx-15-stagi-rzjtl-3[0m stage [32mfrom-build-pack[0m and container [32mstep-git-source-jmoliva-environment-jx-15-stagi-rzjtl-dhgn8[0m
{"level":"warn","ts":1585153912.4567575,"logger":"fallback-logger","caller":"logging/config.go:69","msg":"Fetch GitHub commit ID from kodata failed: \"ref: refs/heads/0.8.0-**-support-backwards-incompats\" is not a valid GitHub commit ID"}
{"level":"info","ts":1585153913.5307143,"logger":"fallback-logger","caller":"git/git.go:103","msg":"Successfully cloned https://github.com/*******/environment-**-15-staging.git @ v0.0.3 in path /workspace/source"}

Showing logs for build [32mjmoliva-environment-jx-15-stagi-rzjtl-3[0m stage [32mfrom-build-pack[0m and container [32mstep-git-merge[0m
Using SHAs from PULL_REFS=master:949aa073b7cb873657ed9139189b26c9d00c4fb6
WARNING: no SHAs to merge, falling back to initial cloned commit

Showing logs for build [32mjmoliva-environment-jx-15-stagi-rzjtl-3[0m stage [32mfrom-build-pack[0m and container [32mstep-setup-jx-git-credentials[0m
Generated Git credentials file /builder/home/git/credentials

Showing logs for build [32mjmoliva-environment-jx-15-stagi-rzjtl-3[0m stage [32mfrom-build-pack[0m and container [32mstep-build-helm-apply[0m
Modified file /workspace/source/env/Chart.yaml to set the chart to version 3
Ignoring templates/.gitignore
Ignoring templates/wildcardcert-secret.yaml
WARNING: No $CHART_REPOSITORY defined so using the default value of: http://jenkins-x-chartmuseum:8080
Adding missing Helm repo: storage.googleapis.com https://storage.googleapis.com/chartmuseum.jenkins-x.io
Successfully added Helm repository storage.googleapis.com.
Adding missing Helm repo: jenkins-x-chartmuseum http://jenkins-x-chartmuseum:8080
Successfully added Helm repository jenkins-x-chartmuseum.
WARNING: No $CHART_REPOSITORY defined so using the default value of: http://jenkins-x-chartmuseum:8080
Adding missing Helm repo: chartmuseum.jenkins-x.io http://chartmuseum.jenkins-x.io
Successfully added Helm repository chartmuseum.jenkins-x.io.

release.jenkins.io "**15-qs-1-0.0.5" deleted
