
Showing logs for build [32mjmoliva-environment-jx-15-stagi-mnv56-1[0m stage [32mfrom-build-pack[0m and container [32mstep-credential-initializer-ts9sq[0m
{"level":"warn","ts":1585153797.0452194,"logger":"fallback-logger","caller":"logging/config.go:69","msg":"Fetch GitHub commit ID from kodata failed: \"ref: refs/heads/0.8.0-**-support-backwards-incompats\" is not a valid GitHub commit ID"}
{"level":"info","ts":1585153797.0460153,"logger":"fallback-logger","caller":"creds-init/main.go:40","msg":"Credentials initialized."}

Showing logs for build [32mjmoliva-environment-jx-15-stagi-mnv56-1[0m stage [32mfrom-build-pack[0m and container [32mstep-working-dir-initializer-wwvs7[0m
{"level":"warn","ts":1585153798.427527,"logger":"fallback-logger","caller":"logging/config.go:69","msg":"Fetch GitHub commit ID from kodata failed: open /var/run/ko/HEAD: no such file or directory"}
{"level":"info","ts":1585153798.4297667,"logger":"fallback-logger","caller":"bash/main.go:64","msg":"Successfully executed command \"sh -c mkdir -p /workspace/source\"; output "}

Showing logs for build [32mjmoliva-environment-jx-15-stagi-mnv56-1[0m stage [32mfrom-build-pack[0m and container [32mstep-place-tools[0m

Showing logs for build [32mjmoliva-environment-jx-15-stagi-mnv56-1[0m stage [32mfrom-build-pack[0m and container [32mstep-git-source-jmoliva-environment-jx-15-stagi-mnv56-dnnk7[0m
{"level":"warn","ts":1585153802.4582033,"logger":"fallback-logger","caller":"logging/config.go:69","msg":"Fetch GitHub commit ID from kodata failed: \"ref: refs/heads/0.8.0-**-support-backwards-incompats\" is not a valid GitHub commit ID"}
{"level":"info","ts":1585153803.7885368,"logger":"fallback-logger","caller":"git/git.go:103","msg":"Successfully cloned https://github.com/*******/environment-**-15-staging.git @ master in path /workspace/source"}

Showing logs for build [32mjmoliva-environment-jx-15-stagi-mnv56-1[0m stage [32mfrom-build-pack[0m and container [32mstep-git-merge[0m
Using SHAs from PULL_REFS=master:4cedd2cc14c6ccbf9e2416299ce31e496a5ea4fe,3:a02839b4760e027536747af71afd531b8bda1485
DEBUG: LC_ALL=C JX_LOG_LEVEL=error git fetch origin --unshallow a02839b4760e027536747af71afd531b8bda1485: 4cedd2cc14c6ccbf9e2416299ce31e496a5ea4fe:
DEBUG: ran git fetch --unshallow origin a02839b4760e027536747af71afd531b8bda1485: 4cedd2cc14c6ccbf9e2416299ce31e496a5ea4fe: in 
DEBUG: LC_ALL=C JX_LOG_LEVEL=error git branch
DEBUG: LC_ALL=C JX_LOG_LEVEL=error git checkout master
DEBUG: ran git checkout master in 
DEBUG: LC_ALL=C JX_LOG_LEVEL=error git reset --hard 4cedd2cc14c6ccbf9e2416299ce31e496a5ea4fe
DEBUG: ran git reset --hard 4cedd2cc14c6ccbf9e2416299ce31e496a5ea4fe in 
DEBUG: LC_ALL=C JX_LOG_LEVEL=error git clean -fd .
DEBUG: ran clean --force -d . in 
DEBUG: LC_ALL=C JX_LOG_LEVEL=error git merge a02839b4760e027536747af71afd531b8bda1485
DEBUG: ran git merge a02839b4760e027536747af71afd531b8bda1485 in 
DEBUG: LC_ALL=C JX_LOG_LEVEL=error git log --format=%H%x1f%an%x1f%ae%x1f%cn%x1f%ce%x1f%s%n%b%x1e 4cedd2cc14c6ccbf9e2416299ce31e496a5ea4fe..HEAD
Merged SHA a02839b4760e027536747af71afd531b8bda1485 with commit message 'chore: Promote **15-qs-1 to version 0.0.6' into base branch master

Showing logs for build [32mjmoliva-environment-jx-15-stagi-mnv56-1[0m stage [32mfrom-build-pack[0m and container [32mstep-build-helm-build[0m
WARNING: No $CHART_REPOSITORY defined so using the default value of: http://jenkins-x-chartmuseum:8080
Adding missing Helm repo: storage.googleapis.com https://storage.googleapis.com/chartmuseum.jenkins-x.io
Successfully added Helm repository storage.googleapis.com.
Adding missing Helm repo: jenkins-x-chartmuseum http://jenkins-x-chartmuseum:8080
Successfully added Helm repository jenkins-x-chartmuseum.
WARNING: No $CHART_REPOSITORY defined so using the default value of: http://jenkins-x-chartmuseum:8080
Adding missing Helm repo: chartmuseum.jenkins-x.io http://chartmuseum.jenkins-x.io
Successfully added Helm repository chartmuseum.jenkins-x.io.
